build/app/intermediates/manifest_merge_blame_file/debug/manifest-merger-blame-debug-report.txt
1<?xml version="1.0" encoding="utf-8"?>
2<manifest xmlns:android="http://schemas.android.com/apk/res/android"
3    package="com.example.find_who"
4    android:versionCode="1"
5    android:versionName="1.0.0" >
6
7    <uses-sdk
8        android:minSdkVersion="16"
9        android:targetSdkVersion="28" />
10    <!--
11         Flutter needs it to communicate with the running application
12         to allow setting breakpoints, to provide hot reload, etc.
13    -->
14    <uses-permission android:name="android.permission.INTERNET" />
14-->src/debug/AndroidManifest.xml:6:5-66
14-->src/debug/AndroidManifest.xml:6:22-64
15    <uses-permission android:name="android.permission.CAMERA" />
15-->src/debug/AndroidManifest.xml:7:5-65
15-->src/debug/AndroidManifest.xml:7:22-62
16    <uses-permission android:name="android.permission.READ_EXTERNAL_STORAGE" />
16-->[:image_picker] AndroidManifest.xml:7:5-80
16-->[:image_picker] AndroidManifest.xml:7:22-77
17    <uses-permission android:name="android.permission.WRITE_EXTERNAL_STORAGE" />
17-->[:image_picker] AndroidManifest.xml:8:5-81
17-->[:image_picker] AndroidManifest.xml:8:22-78
18    <uses-permission android:name="android.permission.ACCESS_NETWORK_STATE" />
18-->[com.google.android.gms:play-services-measurement:17.2.2] AndroidManifest.xml:24:5-79
18-->[com.google.android.gms:play-services-measurement:17.2.2] AndroidManifest.xml:24:22-76
19    <uses-permission android:name="android.permission.WAKE_LOCK" />
19-->[com.google.android.gms:play-services-measurement:17.2.2] AndroidManifest.xml:25:5-68
19-->[com.google.android.gms:play-services-measurement:17.2.2] AndroidManifest.xml:25:22-65
20    <uses-permission android:name="com.google.android.finsky.permission.BIND_GET_INSTALL_REFERRER_SERVICE" /> <!-- Required by older versions of Google Play services to create IID tokens -->
20-->[com.google.android.gms:play-services-measurement:17.2.2] AndroidManifest.xml:26:5-110
20-->[com.google.android.gms:play-services-measurement:17.2.2] AndroidManifest.xml:26:22-107
21    <uses-permission android:name="com.google.android.c2dm.permission.RECEIVE" />
21-->[com.google.firebase:firebase-iid:20.0.2] AndroidManifest.xml:26:5-82
21-->[com.google.firebase:firebase-iid:20.0.2] AndroidManifest.xml:26:22-79
22    <!--
23 io.flutter.app.FlutterApplication is an android.app.Application that
24         calls FlutterMain.startInitialization(this); in its onCreate method.
25         In most cases you can leave this as-is, but you if you want to provide
26         additional functionality it is fine to subclass or reimplement
27         FlutterApplication and put your custom class here.
28    -->
29    <application
29-->src/main/AndroidManifest.xml:8:5-29:19
30        android:name="io.flutter.app.FlutterApplication"
30-->src/main/AndroidManifest.xml:9:9-57
31        android:appComponentFactory="androidx.core.app.CoreComponentFactory"
31-->[androidx.core:core:1.0.2] AndroidManifest.xml:22:18-86
32        android:debuggable="true"
33        android:icon="@mipmap/ic_launcher"
33-->src/main/AndroidManifest.xml:11:9-43
34        android:label="find_who" >
34-->src/main/AndroidManifest.xml:10:9-33
35        <activity
35-->src/main/AndroidManifest.xml:12:9-23:20
36            android:name="com.example.find_who.MainActivity"
36-->src/main/AndroidManifest.xml:13:13-41
37            android:configChanges="orientation|keyboardHidden|keyboard|screenSize|smallestScreenSize|locale|layoutDirection|fontScale|screenLayout|density|uiMode"
37-->src/main/AndroidManifest.xml:16:13-163
38            android:hardwareAccelerated="true"
38-->src/main/AndroidManifest.xml:17:13-47
39            android:launchMode="singleTop"
39-->src/main/AndroidManifest.xml:14:13-43
40            android:theme="@style/LaunchTheme"
40-->src/main/AndroidManifest.xml:15:13-47
41            android:windowSoftInputMode="adjustResize" >
41-->src/main/AndroidManifest.xml:18:13-55
42            <intent-filter>
42-->src/main/AndroidManifest.xml:19:13-22:29
43                <action android:name="android.intent.action.MAIN" />
43-->src/main/AndroidManifest.xml:20:17-68
43-->src/main/AndroidManifest.xml:20:25-66
44
45                <category android:name="android.intent.category.LAUNCHER" />
45-->src/main/AndroidManifest.xml:21:17-76
45-->src/main/AndroidManifest.xml:21:27-74
46            </intent-filter>
47        </activity>
48        <!--
49             Don't delete the meta-data below.
50             This is used by the Flutter tool to generate GeneratedPluginRegistrant.java
51        -->
52        <meta-data
52-->src/main/AndroidManifest.xml:26:9-28:33
53            android:name="flutterEmbedding"
53-->src/main/AndroidManifest.xml:27:13-44
54            android:value="2" />
54-->src/main/AndroidManifest.xml:28:13-30
55
56        <service
56-->[:firebase_storage] AndroidManifest.xml:8:9-12:19
57            android:name="com.google.firebase.components.ComponentDiscoveryService"
57-->[:firebase_storage] AndroidManifest.xml:8:18-89
58            android:directBootAware="true"
58-->[com.google.firebase:firebase-common:19.3.0] AndroidManifest.xml:34:13-43
59            android:exported="false" >
59-->[com.google.android.gms:play-services-measurement-api:17.2.2] AndroidManifest.xml:29:13-37
60            <meta-data
60-->[:firebase_storage] AndroidManifest.xml:9:13-11:85
61                android:name="com.google.firebase.components:io.flutter.plugins.firebase.storage.FlutterFirebaseAppRegistrar"
61-->[:firebase_storage] AndroidManifest.xml:10:17-126
62                android:value="com.google.firebase.components.ComponentRegistrar" />
62-->[:firebase_storage] AndroidManifest.xml:11:17-82
63            <meta-data
63-->[:firebase_core] AndroidManifest.xml:9:13-11:85
64                android:name="com.google.firebase.components:io.flutter.plugins.firebase.core.FlutterFirebaseAppRegistrar"
64-->[:firebase_core] AndroidManifest.xml:10:17-123
65                android:value="com.google.firebase.components.ComponentRegistrar" />
65-->[:firebase_core] AndroidManifest.xml:11:17-82
66            <meta-data
66-->[com.google.android.gms:play-services-measurement-api:17.2.2] AndroidManifest.xml:30:13-32:85
67                android:name="com.google.firebase.components:com.google.firebase.analytics.connector.internal.AnalyticsConnectorRegistrar"
67-->[com.google.android.gms:play-services-measurement-api:17.2.2] AndroidManifest.xml:31:17-139
68                android:value="com.google.firebase.components.ComponentRegistrar" />
68-->[com.google.android.gms:play-services-measurement-api:17.2.2] AndroidManifest.xml:32:17-82
69            <meta-data
69-->[com.google.firebase:firebase-iid:20.0.2] AndroidManifest.xml:32:13-34:85
70                android:name="com.google.firebase.components:com.google.firebase.iid.Registrar"
70-->[com.google.firebase:firebase-iid:20.0.2] AndroidManifest.xml:33:17-96
71                android:value="com.google.firebase.components.ComponentRegistrar" />
71-->[com.google.firebase:firebase-iid:20.0.2] AndroidManifest.xml:34:17-82
72            <meta-data
72-->[com.google.firebase:firebase-storage:17.0.0] AndroidManifest.xml:31:13-33:85
73                android:name="com.google.firebase.components:com.google.firebase.storage.StorageRegistrar"
73-->[com.google.firebase:firebase-storage:17.0.0] AndroidManifest.xml:32:17-107
74                android:value="com.google.firebase.components.ComponentRegistrar" />
74-->[com.google.firebase:firebase-storage:17.0.0] AndroidManifest.xml:33:17-82
75        </service>
76
77        <provider
77-->[:image_picker] AndroidManifest.xml:11:9-19:20
78            android:name="io.flutter.plugins.imagepicker.ImagePickerFileProvider"
78-->[:image_picker] AndroidManifest.xml:12:13-82
79            android:authorities="com.example.find_who.flutter.image_provider"
79-->[:image_picker] AndroidManifest.xml:13:13-74
80            android:exported="false"
80-->[:image_picker] AndroidManifest.xml:14:13-37
81            android:grantUriPermissions="true" >
81-->[:image_picker] AndroidManifest.xml:15:13-47
82            <meta-data
82-->[:image_picker] AndroidManifest.xml:16:13-18:75
83                android:name="android.support.FILE_PROVIDER_PATHS"
83-->[:image_picker] AndroidManifest.xml:17:17-67
84                android:resource="@xml/flutter_image_picker_file_paths" />
84-->[:image_picker] AndroidManifest.xml:18:17-72
85        </provider>
86
87        <receiver
87-->[com.google.android.gms:play-services-measurement:17.2.2] AndroidManifest.xml:29:9-33:20
88            android:name="com.google.android.gms.measurement.AppMeasurementReceiver"
88-->[com.google.android.gms:play-services-measurement:17.2.2] AndroidManifest.xml:30:13-85
89            android:enabled="true"
89-->[com.google.android.gms:play-services-measurement:17.2.2] AndroidManifest.xml:31:13-35
90            android:exported="false" >
90-->[com.google.android.gms:play-services-measurement:17.2.2] AndroidManifest.xml:32:13-37
91        </receiver>
92        <receiver
92-->[com.google.android.gms:play-services-measurement:17.2.2] AndroidManifest.xml:34:9-42:20
93            android:name="com.google.android.gms.measurement.AppMeasurementInstallReferrerReceiver"
93-->[com.google.android.gms:play-services-measurement:17.2.2] AndroidManifest.xml:35:13-100
94            android:enabled="true"
94-->[com.google.android.gms:play-services-measurement:17.2.2] AndroidManifest.xml:36:13-35
95            android:exported="true"
95-->[com.google.android.gms:play-services-measurement:17.2.2] AndroidManifest.xml:37:13-36
96            android:permission="android.permission.INSTALL_PACKAGES" >
96-->[com.google.android.gms:play-services-measurement:17.2.2] AndroidManifest.xml:38:13-69
97            <intent-filter>
97-->[com.google.android.gms:play-services-measurement:17.2.2] AndroidManifest.xml:39:13-41:29
98                <action android:name="com.android.vending.INSTALL_REFERRER" />
98-->[com.google.android.gms:play-services-measurement:17.2.2] AndroidManifest.xml:40:17-79
98-->[com.google.android.gms:play-services-measurement:17.2.2] AndroidManifest.xml:40:25-76
99            </intent-filter>
100        </receiver>
101
102        <service
102-->[com.google.android.gms:play-services-measurement:17.2.2] AndroidManifest.xml:44:9-47:40
103            android:name="com.google.android.gms.measurement.AppMeasurementService"
103-->[com.google.android.gms:play-services-measurement:17.2.2] AndroidManifest.xml:45:13-84
104            android:enabled="true"
104-->[com.google.android.gms:play-services-measurement:17.2.2] AndroidManifest.xml:46:13-35
105            android:exported="false" />
105-->[com.google.android.gms:play-services-measurement:17.2.2] AndroidManifest.xml:47:13-37
106        <service
106-->[com.google.android.gms:play-services-measurement:17.2.2] AndroidManifest.xml:48:9-52:72
107            android:name="com.google.android.gms.measurement.AppMeasurementJobService"
107-->[com.google.android.gms:play-services-measurement:17.2.2] AndroidManifest.xml:49:13-87
108            android:enabled="true"
108-->[com.google.android.gms:play-services-measurement:17.2.2] AndroidManifest.xml:50:13-35
109            android:exported="false"
109-->[com.google.android.gms:play-services-measurement:17.2.2] AndroidManifest.xml:51:13-37
110            android:permission="android.permission.BIND_JOB_SERVICE" />
110-->[com.google.android.gms:play-services-measurement:17.2.2] AndroidManifest.xml:52:13-69
111
112        <receiver
112-->[com.google.firebase:firebase-iid:20.0.2] AndroidManifest.xml:37:9-44:20
113            android:name="com.google.firebase.iid.FirebaseInstanceIdReceiver"
113-->[com.google.firebase:firebase-iid:20.0.2] AndroidManifest.xml:38:13-78
114            android:exported="true"
114-->[com.google.firebase:firebase-iid:20.0.2] AndroidManifest.xml:39:13-36
115            android:permission="com.google.android.c2dm.permission.SEND" >
115-->[com.google.firebase:firebase-iid:20.0.2] AndroidManifest.xml:40:13-73
116            <intent-filter>
116-->[com.google.firebase:firebase-iid:20.0.2] AndroidManifest.xml:41:13-43:29
117                <action android:name="com.google.android.c2dm.intent.RECEIVE" />
117-->[com.google.firebase:firebase-iid:20.0.2] AndroidManifest.xml:42:17-81
117-->[com.google.firebase:firebase-iid:20.0.2] AndroidManifest.xml:42:25-78
118            </intent-filter>
119        </receiver>
120
121        <provider
121-->[com.google.firebase:firebase-common:19.3.0] AndroidManifest.xml:26:9-30:39
122            android:name="com.google.firebase.provider.FirebaseInitProvider"
122-->[com.google.firebase:firebase-common:19.3.0] AndroidManifest.xml:27:13-77
123            android:authorities="com.example.find_who.firebaseinitprovider"
123-->[com.google.firebase:firebase-common:19.3.0] AndroidManifest.xml:28:13-72
124            android:exported="false"
124-->[com.google.firebase:firebase-common:19.3.0] AndroidManifest.xml:29:13-37
125            android:initOrder="100" />
125-->[com.google.firebase:firebase-common:19.3.0] AndroidManifest.xml:30:13-36
126
127        <activity
127-->[com.google.android.gms:play-services-base:17.0.0] AndroidManifest.xml:23:9-26:75
128            android:name="com.google.android.gms.common.api.GoogleApiActivity"
128-->[com.google.android.gms:play-services-base:17.0.0] AndroidManifest.xml:24:13-79
129            android:exported="false"
129-->[com.google.android.gms:play-services-base:17.0.0] AndroidManifest.xml:25:13-37
130            android:theme="@android:style/Theme.Translucent.NoTitleBar" />
130-->[com.google.android.gms:play-services-base:17.0.0] AndroidManifest.xml:26:13-72
131
132        <meta-data
132-->[com.google.android.gms:play-services-basement:17.0.0] AndroidManifest.xml:23:9-25:69
133            android:name="com.google.android.gms.version"
133-->[com.google.android.gms:play-services-basement:17.0.0] AndroidManifest.xml:24:13-58
134            android:value="@integer/google_play_services_version" />
134-->[com.google.android.gms:play-services-basement:17.0.0] AndroidManifest.xml:25:13-66
135    </application>
136
137</manifest>